<?xml version="1.0" encoding="UTF-8"?>
<!-- Generated by org.testng.reporters.JUnitXMLReporter -->
<testsuite hostname="DESKTOP-GP7K44V" ignored="0" name="Add validlogin Test" tests="2" failures="1" timestamp="17 Apr 2020 20:09:33 GMT" time="1.452" errors="0">
  <testcase name="ValidloginTest" time="1.308" classname="automation.testcases.ValidLoginTest"/>
  <testcase name="ValidloginTest" time="0.082" classname="automation.testcases.ValidLoginTest">
    <failure type="org.openqa.selenium.WebDriverException" message="Returned value cannot be converted to WebElement: {stacktrace=Backtrace:
	Ordinal0 [0x0115A113+1548563]
	Ordinal0 [0x010DDDA1+1039777]
	Ordinal0 [0x0105E32E+516910]
	Ordinal0 [0x00FF1537+70967]
	Ordinal0 [0x00FF2690+75408]
	Ordinal0 [0x00FF2629+75305]
	Ordinal0 [0x010F71B7+1143223]
	GetHandleVerifier [0x011F2B46+507814]
	GetHandleVerifier [0x011F2864+507076]
	GetHandleVerifier [0x011F9F47+537511]
	GetHandleVerifier [0x011F3402+510050]
	Ordinal0 [0x010EF29C+1110684]
	Ordinal0 [0x010F938B+1151883]
	Ordinal0 [0x010F94F3+1152243]
	Ordinal0 [0x010F83F5+1147893]
	BaseThreadInitThunk [0x764F6359+25]
	RtlGetAppContainerNamedObjectPath [0x77287C14+228]
	RtlGetAppContainerNamedObjectPath [0x77287BE4+180]
, error=invalid session id, message=invalid session id}
Build info: version: &amp;apos;2.53.1&amp;apos;, revision: &amp;apos;a36b8b1cd5757287168e54b817830adce9b0158d&amp;apos;, time: &amp;apos;2016-06-30 19:26:09&amp;apos;
System info: host: &amp;apos;DESKTOP-GP7K44V&amp;apos;, ip: &amp;apos;192.168.1.5&amp;apos;, os.name: &amp;apos;Windows 10&amp;apos;, os.arch: &amp;apos;amd64&amp;apos;, os.version: &amp;apos;10.0&amp;apos;, java.version: &amp;apos;1.8.0_181&amp;apos;
Driver info: driver.version: RemoteWebDriver">
      <![CDATA[org.openqa.selenium.WebDriverException: Returned value cannot be converted to WebElement: {stacktrace=Backtrace:
	Ordinal0 [0x0115A113+1548563]
	Ordinal0 [0x010DDDA1+1039777]
	Ordinal0 [0x0105E32E+516910]
	Ordinal0 [0x00FF1537+70967]
	Ordinal0 [0x00FF2690+75408]
	Ordinal0 [0x00FF2629+75305]
	Ordinal0 [0x010F71B7+1143223]
	GetHandleVerifier [0x011F2B46+507814]
	GetHandleVerifier [0x011F2864+507076]
	GetHandleVerifier [0x011F9F47+537511]
	GetHandleVerifier [0x011F3402+510050]
	Ordinal0 [0x010EF29C+1110684]
	Ordinal0 [0x010F938B+1151883]
	Ordinal0 [0x010F94F3+1152243]
	Ordinal0 [0x010F83F5+1147893]
	BaseThreadInitThunk [0x764F6359+25]
	RtlGetAppContainerNamedObjectPath [0x77287C14+228]
	RtlGetAppContainerNamedObjectPath [0x77287BE4+180]
, error=invalid session id, message=invalid session id}
Build info: version: '2.53.1', revision: 'a36b8b1cd5757287168e54b817830adce9b0158d', time: '2016-06-30 19:26:09'
System info: host: 'DESKTOP-GP7K44V', ip: '192.168.1.5', os.name: 'Windows 10', os.arch: 'amd64', os.version: '10.0', java.version: '1.8.0_181'
Driver info: driver.version: RemoteWebDriver
	at org.openqa.selenium.remote.RemoteWebDriver.findElement(RemoteWebDriver.java:370)
	at org.openqa.selenium.remote.RemoteWebDriver.findElementByXPath(RemoteWebDriver.java:500)
	at org.openqa.selenium.By$ByXPath.findElement(By.java:361)
	at org.openqa.selenium.remote.RemoteWebDriver.findElement(RemoteWebDriver.java:355)
	at automation.testcases.ValidLoginTest.ValidloginTest(ValidLoginTest.java:27)
Caused by: java.lang.ClassCastException: com.google.common.collect.Maps$TransformedEntriesMap cannot be cast to org.openqa.selenium.WebElement
	at org.openqa.selenium.remote.RemoteWebDriver.findElement(RemoteWebDriver.java:368)
	... 29 more
... Removed 25 stack frames]]>
    </failure>
  </testcase> <!-- ValidloginTest -->
</testsuite> <!-- Add validlogin Test -->
